<?xml version="1.0" encoding="UTF-8"?>
<!-- Generated by org.testng.reporters.JUnitXMLReporter -->
<testsuite hostname="LAPTOP-MR7PA18F" name="Default test" tests="9" failures="0" timestamp="28 Mar 2020 01:15:39 GMT" time="3.543" errors="0">
  <testcase name="checkBodyResponse" time="0.062" classname="com.employeeapi.testCases.TC01_GET_All_Employees"/>
  <testcase name="checkContentLenght" time="0.009" classname="com.employeeapi.testCases.TC01_GET_All_Employees"/>
  <testcase name="checkContentType" time="0.003" classname="com.employeeapi.testCases.TC01_GET_All_Employees"/>
  <testcase name="checkCookies" time="0.0" classname="com.employeeapi.testCases.TC01_GET_All_Employees"/>
  <testcase name="checkResponseTime" time="0.003" classname="com.employeeapi.testCases.TC01_GET_All_Employees"/>
  <testcase name="checkServer" time="0.005" classname="com.employeeapi.testCases.TC01_GET_All_Employees"/>
  <testcase name="checkStatusCode" time="0.011" classname="com.employeeapi.testCases.TC01_GET_All_Employees"/>
  <testcase name="checkStatusLine" time="0.004" classname="com.employeeapi.testCases.TC01_GET_All_Employees"/>
  <testcase name="checkcontentEncoding" time="0.002" classname="com.employeeapi.testCases.TC01_GET_All_Employees"/>
</testsuite> <!-- Default test -->
