<?xml version="1.0" encoding="UTF-8"?>
<!-- Generated by org.testng.reporters.JUnitXMLReporter -->
<testsuite hostname="LAPTOP-MR7PA18F" name="EmployeesRestAPITest" tests="9" failures="0" timestamp="28 Mar 2020 01:18:40 GMT" time="3.4" errors="0">
  <testcase name="checkBodyResponse" time="0.056" classname="com.employeeapi.testCases.TC01_GET_All_Employees"/>
  <testcase name="checkContentLenght" time="0.003" classname="com.employeeapi.testCases.TC01_GET_All_Employees"/>
  <testcase name="checkContentType" time="0.007" classname="com.employeeapi.testCases.TC01_GET_All_Employees"/>
  <testcase name="checkCookies" time="0.004" classname="com.employeeapi.testCases.TC01_GET_All_Employees"/>
  <testcase name="checkResponseTime" time="0.004" classname="com.employeeapi.testCases.TC01_GET_All_Employees"/>
  <testcase name="checkServer" time="0.004" classname="com.employeeapi.testCases.TC01_GET_All_Employees"/>
  <testcase name="checkStatusCode" time="0.008" classname="com.employeeapi.testCases.TC01_GET_All_Employees"/>
  <testcase name="checkStatusLine" time="0.003" classname="com.employeeapi.testCases.TC01_GET_All_Employees"/>
  <testcase name="checkcontentEncoding" time="0.01" classname="com.employeeapi.testCases.TC01_GET_All_Employees"/>
</testsuite> <!-- EmployeesRestAPITest -->
