<?xml version="1.0" encoding="UTF-8"?>
<testng-results skipped="0" failed="0" total="9" passed="9">
  <reporter-output>
  </reporter-output>
  <suite name="EmployeesRestAPISuite" duration-ms="3400" started-at="2020-03-28T01:18:36Z" finished-at="2020-03-28T01:18:40Z">
    <groups>
    </groups>
    <test name="EmployeesRestAPITest" duration-ms="3400" started-at="2020-03-28T01:18:36Z" finished-at="2020-03-28T01:18:40Z">
      <class name="com.employeeapi.testCases.TC01_GET_All_Employees">
        <test-method status="PASS" signature="setUp()[pri:0, instance:com.employeeapi.testCases.TC01_GET_All_Employees@d041cf]" name="setUp" is-config="true" duration-ms="66" started-at="2020-03-28T06:48:37Z" finished-at="2020-03-28T06:48:37Z">
          <reporter-output>
          </reporter-output>
        </test-method> <!-- setUp -->
        <test-method status="PASS" signature="getAllEmployees()[pri:0, instance:com.employeeapi.testCases.TC01_GET_All_Employees@d041cf]" name="getAllEmployees" is-config="true" duration-ms="2717" started-at="2020-03-28T06:48:37Z" finished-at="2020-03-28T06:48:39Z">
          <reporter-output>
          </reporter-output>
        </test-method> <!-- getAllEmployees -->
        <test-method status="PASS" signature="checkBodyResponse()[pri:0, instance:com.employeeapi.testCases.TC01_GET_All_Employees@d041cf]" name="checkBodyResponse" duration-ms="56" started-at="2020-03-28T06:48:39Z" finished-at="2020-03-28T06:48:40Z">
          <reporter-output>
          </reporter-output>
        </test-method> <!-- checkBodyResponse -->
        <test-method status="PASS" signature="checkContentLenght()[pri:0, instance:com.employeeapi.testCases.TC01_GET_All_Employees@d041cf]" name="checkContentLenght" duration-ms="3" started-at="2020-03-28T06:48:40Z" finished-at="2020-03-28T06:48:40Z">
          <reporter-output>
          </reporter-output>
        </test-method> <!-- checkContentLenght -->
        <test-method status="PASS" signature="checkContentType()[pri:0, instance:com.employeeapi.testCases.TC01_GET_All_Employees@d041cf]" name="checkContentType" duration-ms="7" started-at="2020-03-28T06:48:40Z" finished-at="2020-03-28T06:48:40Z">
          <reporter-output>
          </reporter-output>
        </test-method> <!-- checkContentType -->
        <test-method status="PASS" signature="checkCookies()[pri:0, instance:com.employeeapi.testCases.TC01_GET_All_Employees@d041cf]" name="checkCookies" duration-ms="4" started-at="2020-03-28T06:48:40Z" finished-at="2020-03-28T06:48:40Z">
          <reporter-output>
          </reporter-output>
        </test-method> <!-- checkCookies -->
        <test-method status="PASS" signature="checkResponseTime()[pri:0, instance:com.employeeapi.testCases.TC01_GET_All_Employees@d041cf]" name="checkResponseTime" duration-ms="4" started-at="2020-03-28T06:48:40Z" finished-at="2020-03-28T06:48:40Z">
          <reporter-output>
          </reporter-output>
        </test-method> <!-- checkResponseTime -->
        <test-method status="PASS" signature="checkServer()[pri:0, instance:com.employeeapi.testCases.TC01_GET_All_Employees@d041cf]" name="checkServer" duration-ms="4" started-at="2020-03-28T06:48:40Z" finished-at="2020-03-28T06:48:40Z">
          <reporter-output>
          </reporter-output>
        </test-method> <!-- checkServer -->
        <test-method status="PASS" signature="checkStatusCode()[pri:0, instance:com.employeeapi.testCases.TC01_GET_All_Employees@d041cf]" name="checkStatusCode" duration-ms="8" started-at="2020-03-28T06:48:40Z" finished-at="2020-03-28T06:48:40Z">
          <reporter-output>
          </reporter-output>
        </test-method> <!-- checkStatusCode -->
        <test-method status="PASS" signature="checkStatusLine()[pri:0, instance:com.employeeapi.testCases.TC01_GET_All_Employees@d041cf]" name="checkStatusLine" duration-ms="3" started-at="2020-03-28T06:48:40Z" finished-at="2020-03-28T06:48:40Z">
          <reporter-output>
          </reporter-output>
        </test-method> <!-- checkStatusLine -->
        <test-method status="PASS" signature="checkcontentEncoding()[pri:0, instance:com.employeeapi.testCases.TC01_GET_All_Employees@d041cf]" name="checkcontentEncoding" duration-ms="10" started-at="2020-03-28T06:48:40Z" finished-at="2020-03-28T06:48:40Z">
          <reporter-output>
          </reporter-output>
        </test-method> <!-- checkcontentEncoding -->
        <test-method status="PASS" signature="tearDown()[pri:0, instance:com.employeeapi.testCases.TC01_GET_All_Employees@d041cf]" name="tearDown" is-config="true" duration-ms="0" started-at="2020-03-28T06:48:40Z" finished-at="2020-03-28T06:48:40Z">
          <reporter-output>
          </reporter-output>
        </test-method> <!-- tearDown -->
      </class> <!-- com.employeeapi.testCases.TC01_GET_All_Employees -->
    </test> <!-- EmployeesRestAPITest -->
  </suite> <!-- EmployeesRestAPISuite -->
</testng-results>
